<?xml version="1.0" encoding="UTF-8"?>
<!-- Generated by org.testng.reporters.JUnitXMLReporter -->
<testsuite ignored="0" hostname="ATMECSINLT-829" failures="0" tests="7" name="Default test" time="40.985" errors="0" timestamp="2022-11-17T17:45:11 IST">
  <testcase classname="org.atmecs.testscript.VerifyLoginTest" name="loginTest" time="0.262"/>
  <testcase classname="org.atmecs.testscript.VerifyLoginTest" name="loginTest" time="0.246"/>
  <testcase classname="org.atmecs.testscript.VerifyLoginTest" name="loginTest" time="0.284"/>
  <testcase classname="org.atmecs.testscript.VerifyLoginTest" name="loginTest" time="0.231"/>
  <testcase classname="org.atmecs.testscript.VerifyLoginTest" name="loginTest" time="0.59"/>
  <testcase classname="org.atmecs.testscript.VerifyLoginTest" name="loginTest" time="1.211"/>
  <testcase classname="org.atmecs.testscript.VerifyLoginTest" name="loginTest" time="2.066"/>
</testsuite> <!-- Default test -->
