<?xml version="1.0" encoding="UTF-8"?>
<testng-results ignored="0" total="7" passed="7" failed="0" skipped="0">
  <reporter-output>
    <line>
      <![CDATA[Opening browser: chrome]]>
    </line>
    <line>
      <![CDATA[Maximizing browser window]]>
    </line>
    <line>
      <![CDATA[username]]>
    </line>
    <line>
      <![CDATA[password]]>
    </line>
    <line>
      <![CDATA[clicked]]>
    </line>
    <line>
      <![CDATA[title]]>
    </line>
    <line>
      <![CDATA[Opening browser: chrome]]>
    </line>
    <line>
      <![CDATA[Maximizing browser window]]>
    </line>
    <line>
      <![CDATA[username]]>
    </line>
    <line>
      <![CDATA[password]]>
    </line>
    <line>
      <![CDATA[clicked]]>
    </line>
    <line>
      <![CDATA[title]]>
    </line>
    <line>
      <![CDATA[Opening browser: chrome]]>
    </line>
    <line>
      <![CDATA[Maximizing browser window]]>
    </line>
    <line>
      <![CDATA[username]]>
    </line>
    <line>
      <![CDATA[password]]>
    </line>
    <line>
      <![CDATA[clicked]]>
    </line>
    <line>
      <![CDATA[title]]>
    </line>
    <line>
      <![CDATA[Opening browser: chrome]]>
    </line>
    <line>
      <![CDATA[Maximizing browser window]]>
    </line>
    <line>
      <![CDATA[username]]>
    </line>
    <line>
      <![CDATA[password]]>
    </line>
    <line>
      <![CDATA[clicked]]>
    </line>
    <line>
      <![CDATA[title]]>
    </line>
    <line>
      <![CDATA[Opening browser: chrome]]>
    </line>
    <line>
      <![CDATA[Maximizing browser window]]>
    </line>
    <line>
      <![CDATA[username]]>
    </line>
    <line>
      <![CDATA[password]]>
    </line>
    <line>
      <![CDATA[clicked]]>
    </line>
    <line>
      <![CDATA[title]]>
    </line>
    <line>
      <![CDATA[Opening browser: chrome]]>
    </line>
    <line>
      <![CDATA[Maximizing browser window]]>
    </line>
    <line>
      <![CDATA[username]]>
    </line>
    <line>
      <![CDATA[password]]>
    </line>
    <line>
      <![CDATA[clicked]]>
    </line>
    <line>
      <![CDATA[title]]>
    </line>
    <line>
      <![CDATA[Opening browser: chrome]]>
    </line>
    <line>
      <![CDATA[Maximizing browser window]]>
    </line>
    <line>
      <![CDATA[username]]>
    </line>
    <line>
      <![CDATA[password]]>
    </line>
    <line>
      <![CDATA[clicked]]>
    </line>
    <line>
      <![CDATA[title]]>
    </line>
  </reporter-output>
  <suite started-at="2022-11-17T17:44:30 IST" name="Default suite" finished-at="2022-11-17T17:45:11 IST" duration-ms="40985">
    <groups>
    </groups>
    <test started-at="2022-11-17T17:44:30 IST" name="Default test" finished-at="2022-11-17T17:45:11 IST" duration-ms="40985">
      <class name="org.atmecs.testscript.VerifyLoginTest">
        <test-method is-config="true" signature="preSetup()[pri:0, instance:org.atmecs.testscript.VerifyLoginTest@e7edb54]" started-at="2022-11-17T17:44:31 IST" name="preSetup" finished-at="2022-11-17T17:44:35 IST" duration-ms="4249" status="PASS">
          <reporter-output>
            <line>
              <![CDATA[Opening browser: chrome]]>
            </line>
            <line>
              <![CDATA[Maximizing browser window]]>
            </line>
          </reporter-output>
        </test-method> <!-- preSetup -->
        <test-method signature="loginTest(java.lang.String,java.lang.String,java.lang.String)[pri:0, instance:org.atmecs.testscript.VerifyLoginTest@e7edb54]" started-at="2022-11-17T17:44:35 IST" name="loginTest" data-provider="getLoginData" finished-at="2022-11-17T17:44:35 IST" duration-ms="262" status="PASS">
          <params>
            <param index="0">
              <value>
                <![CDATA[standard_user]]>
              </value>
            </param>
            <param index="1">
              <value>
                <![CDATA[ ]]>
              </value>
            </param>
            <param index="2">
              <value>
                <![CDATA[Epic sadface: Password is required]]>
              </value>
            </param>
          </params>
          <reporter-output>
            <line>
              <![CDATA[username]]>
            </line>
            <line>
              <![CDATA[password]]>
            </line>
            <line>
              <![CDATA[clicked]]>
            </line>
            <line>
              <![CDATA[title]]>
            </line>
          </reporter-output>
        </test-method> <!-- loginTest -->
        <test-method is-config="true" signature="teardown()[pri:0, instance:org.atmecs.testscript.VerifyLoginTest@e7edb54]" started-at="2022-11-17T17:44:35 IST" name="teardown" finished-at="2022-11-17T17:44:35 IST" duration-ms="73" status="PASS">
          <reporter-output>
          </reporter-output>
        </test-method> <!-- teardown -->
        <test-method is-config="true" signature="preSetup()[pri:0, instance:org.atmecs.testscript.VerifyLoginTest@e7edb54]" started-at="2022-11-17T17:44:35 IST" name="preSetup" finished-at="2022-11-17T17:44:38 IST" duration-ms="2436" status="PASS">
          <reporter-output>
            <line>
              <![CDATA[Opening browser: chrome]]>
            </line>
            <line>
              <![CDATA[Maximizing browser window]]>
            </line>
          </reporter-output>
        </test-method> <!-- preSetup -->
        <test-method signature="loginTest(java.lang.String,java.lang.String,java.lang.String)[pri:0, instance:org.atmecs.testscript.VerifyLoginTest@e7edb54]" started-at="2022-11-17T17:44:38 IST" name="loginTest" data-provider="getLoginData" finished-at="2022-11-17T17:44:38 IST" duration-ms="246" status="PASS">
          <params>
            <param index="0">
              <value>
                <![CDATA[problem_user]]>
              </value>
            </param>
            <param index="1">
              <value>
                <![CDATA[ ]]>
              </value>
            </param>
            <param index="2">
              <value>
                <![CDATA[Epic sadface: Password is required]]>
              </value>
            </param>
          </params>
          <reporter-output>
            <line>
              <![CDATA[username]]>
            </line>
            <line>
              <![CDATA[password]]>
            </line>
            <line>
              <![CDATA[clicked]]>
            </line>
            <line>
              <![CDATA[title]]>
            </line>
          </reporter-output>
        </test-method> <!-- loginTest -->
        <test-method is-config="true" signature="teardown()[pri:0, instance:org.atmecs.testscript.VerifyLoginTest@e7edb54]" started-at="2022-11-17T17:44:38 IST" name="teardown" finished-at="2022-11-17T17:44:38 IST" duration-ms="63" status="PASS">
          <reporter-output>
          </reporter-output>
        </test-method> <!-- teardown -->
        <test-method is-config="true" signature="preSetup()[pri:0, instance:org.atmecs.testscript.VerifyLoginTest@e7edb54]" started-at="2022-11-17T17:44:38 IST" name="preSetup" finished-at="2022-11-17T17:44:40 IST" duration-ms="2448" status="PASS">
          <reporter-output>
            <line>
              <![CDATA[Opening browser: chrome]]>
            </line>
            <line>
              <![CDATA[Maximizing browser window]]>
            </line>
          </reporter-output>
        </test-method> <!-- preSetup -->
        <test-method signature="loginTest(java.lang.String,java.lang.String,java.lang.String)[pri:0, instance:org.atmecs.testscript.VerifyLoginTest@e7edb54]" started-at="2022-11-17T17:44:40 IST" name="loginTest" data-provider="getLoginData" finished-at="2022-11-17T17:44:41 IST" duration-ms="284" status="PASS">
          <params>
            <param index="0">
              <value>
                <![CDATA[performance_glitch_user]]>
              </value>
            </param>
            <param index="1">
              <value>
                <![CDATA[ ]]>
              </value>
            </param>
            <param index="2">
              <value>
                <![CDATA[Epic sadface: Password is required]]>
              </value>
            </param>
          </params>
          <reporter-output>
            <line>
              <![CDATA[username]]>
            </line>
            <line>
              <![CDATA[password]]>
            </line>
            <line>
              <![CDATA[clicked]]>
            </line>
            <line>
              <![CDATA[title]]>
            </line>
          </reporter-output>
        </test-method> <!-- loginTest -->
        <test-method is-config="true" signature="teardown()[pri:0, instance:org.atmecs.testscript.VerifyLoginTest@e7edb54]" started-at="2022-11-17T17:44:41 IST" name="teardown" finished-at="2022-11-17T17:44:41 IST" duration-ms="84" status="PASS">
          <reporter-output>
          </reporter-output>
        </test-method> <!-- teardown -->
        <test-method is-config="true" signature="preSetup()[pri:0, instance:org.atmecs.testscript.VerifyLoginTest@e7edb54]" started-at="2022-11-17T17:44:41 IST" name="preSetup" finished-at="2022-11-17T17:44:43 IST" duration-ms="2466" status="PASS">
          <reporter-output>
            <line>
              <![CDATA[Opening browser: chrome]]>
            </line>
            <line>
              <![CDATA[Maximizing browser window]]>
            </line>
          </reporter-output>
        </test-method> <!-- preSetup -->
        <test-method signature="loginTest(java.lang.String,java.lang.String,java.lang.String)[pri:0, instance:org.atmecs.testscript.VerifyLoginTest@e7edb54]" started-at="2022-11-17T17:44:43 IST" name="loginTest" data-provider="getLoginData" finished-at="2022-11-17T17:44:43 IST" duration-ms="231" status="PASS">
          <params>
            <param index="0">
              <value>
                <![CDATA[ ]]>
              </value>
            </param>
            <param index="1">
              <value>
                <![CDATA[ ]]>
              </value>
            </param>
            <param index="2">
              <value>
                <![CDATA[Epic sadface: Username is required]]>
              </value>
            </param>
          </params>
          <reporter-output>
            <line>
              <![CDATA[username]]>
            </line>
            <line>
              <![CDATA[password]]>
            </line>
            <line>
              <![CDATA[clicked]]>
            </line>
            <line>
              <![CDATA[title]]>
            </line>
          </reporter-output>
        </test-method> <!-- loginTest -->
        <test-method is-config="true" signature="teardown()[pri:0, instance:org.atmecs.testscript.VerifyLoginTest@e7edb54]" started-at="2022-11-17T17:44:43 IST" name="teardown" finished-at="2022-11-17T17:44:44 IST" duration-ms="81" status="PASS">
          <reporter-output>
          </reporter-output>
        </test-method> <!-- teardown -->
        <test-method is-config="true" signature="preSetup()[pri:0, instance:org.atmecs.testscript.VerifyLoginTest@e7edb54]" started-at="2022-11-17T17:44:44 IST" name="preSetup" finished-at="2022-11-17T17:44:46 IST" duration-ms="2770" status="PASS">
          <reporter-output>
            <line>
              <![CDATA[Opening browser: chrome]]>
            </line>
            <line>
              <![CDATA[Maximizing browser window]]>
            </line>
          </reporter-output>
        </test-method> <!-- preSetup -->
        <test-method signature="loginTest(java.lang.String,java.lang.String,java.lang.String)[pri:0, instance:org.atmecs.testscript.VerifyLoginTest@e7edb54]" started-at="2022-11-17T17:44:46 IST" name="loginTest" data-provider="getLoginData" finished-at="2022-11-17T17:44:47 IST" duration-ms="590" status="PASS">
          <params>
            <param index="0">
              <value>
                <![CDATA[locked_out_user]]>
              </value>
            </param>
            <param index="1">
              <value>
                <![CDATA[ ]]>
              </value>
            </param>
            <param index="2">
              <value>
                <![CDATA[Epic sadface: Password is required]]>
              </value>
            </param>
          </params>
          <reporter-output>
            <line>
              <![CDATA[username]]>
            </line>
            <line>
              <![CDATA[password]]>
            </line>
            <line>
              <![CDATA[clicked]]>
            </line>
            <line>
              <![CDATA[title]]>
            </line>
          </reporter-output>
        </test-method> <!-- loginTest -->
        <test-method is-config="true" signature="teardown()[pri:0, instance:org.atmecs.testscript.VerifyLoginTest@e7edb54]" started-at="2022-11-17T17:44:47 IST" name="teardown" finished-at="2022-11-17T17:44:47 IST" duration-ms="224" status="PASS">
          <reporter-output>
          </reporter-output>
        </test-method> <!-- teardown -->
        <test-method is-config="true" signature="preSetup()[pri:0, instance:org.atmecs.testscript.VerifyLoginTest@e7edb54]" started-at="2022-11-17T17:44:47 IST" name="preSetup" finished-at="2022-11-17T17:44:54 IST" duration-ms="6383" status="PASS">
          <reporter-output>
            <line>
              <![CDATA[Opening browser: chrome]]>
            </line>
            <line>
              <![CDATA[Maximizing browser window]]>
            </line>
          </reporter-output>
        </test-method> <!-- preSetup -->
        <test-method signature="loginTest(java.lang.String,java.lang.String,java.lang.String)[pri:0, instance:org.atmecs.testscript.VerifyLoginTest@e7edb54]" started-at="2022-11-17T17:44:54 IST" name="loginTest" data-provider="getLoginData" finished-at="2022-11-17T17:44:55 IST" duration-ms="1211" status="PASS">
          <params>
            <param index="0">
              <value>
                <![CDATA[ ]]>
              </value>
            </param>
            <param index="1">
              <value>
                <![CDATA[secret_sauce]]>
              </value>
            </param>
            <param index="2">
              <value>
                <![CDATA[Epic sadface: Username is required]]>
              </value>
            </param>
          </params>
          <reporter-output>
            <line>
              <![CDATA[username]]>
            </line>
            <line>
              <![CDATA[password]]>
            </line>
            <line>
              <![CDATA[clicked]]>
            </line>
            <line>
              <![CDATA[title]]>
            </line>
          </reporter-output>
        </test-method> <!-- loginTest -->
        <test-method is-config="true" signature="teardown()[pri:0, instance:org.atmecs.testscript.VerifyLoginTest@e7edb54]" started-at="2022-11-17T17:44:55 IST" name="teardown" finished-at="2022-11-17T17:44:55 IST" duration-ms="645" status="PASS">
          <reporter-output>
          </reporter-output>
        </test-method> <!-- teardown -->
        <test-method is-config="true" signature="preSetup()[pri:0, instance:org.atmecs.testscript.VerifyLoginTest@e7edb54]" started-at="2022-11-17T17:44:55 IST" name="preSetup" finished-at="2022-11-17T17:45:07 IST" duration-ms="11714" status="PASS">
          <reporter-output>
            <line>
              <![CDATA[Opening browser: chrome]]>
            </line>
            <line>
              <![CDATA[Maximizing browser window]]>
            </line>
          </reporter-output>
        </test-method> <!-- preSetup -->
        <test-method signature="loginTest(java.lang.String,java.lang.String,java.lang.String)[pri:0, instance:org.atmecs.testscript.VerifyLoginTest@e7edb54]" started-at="2022-11-17T17:45:07 IST" name="loginTest" data-provider="getLoginData" finished-at="2022-11-17T17:45:09 IST" duration-ms="2066" status="PASS">
          <params>
            <param index="0">
              <value>
                <![CDATA[Invaliduser]]>
              </value>
            </param>
            <param index="1">
              <value>
                <![CDATA[invalidpassword]]>
              </value>
            </param>
            <param index="2">
              <value>
                <![CDATA[Epic sadface: Username]]>
              </value>
            </param>
          </params>
          <reporter-output>
            <line>
              <![CDATA[username]]>
            </line>
            <line>
              <![CDATA[password]]>
            </line>
            <line>
              <![CDATA[clicked]]>
            </line>
            <line>
              <![CDATA[title]]>
            </line>
          </reporter-output>
        </test-method> <!-- loginTest -->
        <test-method is-config="true" signature="teardown()[pri:0, instance:org.atmecs.testscript.VerifyLoginTest@e7edb54]" started-at="2022-11-17T17:45:09 IST" name="teardown" finished-at="2022-11-17T17:45:11 IST" duration-ms="1976" status="PASS">
          <reporter-output>
          </reporter-output>
        </test-method> <!-- teardown -->
      </class> <!-- org.atmecs.testscript.VerifyLoginTest -->
    </test> <!-- Default test -->
  </suite> <!-- Default suite -->
</testng-results>
